<?xml version="1.0" encoding="UTF-8"?>
<!-- Generated by org.testng.reporters.JUnitReportReporter -->
<testsuite skipped="0" hostname="Nagendras-MBP.lan" name="com.hotelreservation.testCases.TC_DeleteRecord_002" tests="1" failures="0" timestamp="10 Jun 2020 12:03:23 GMT" time="8.262" errors="0">
  <testcase name="deleteRecord" time="8.262" classname="com.hotelreservation.testCases.TC_DeleteRecord_002"/>
</testsuite> <!-- com.hotelreservation.testCases.TC_DeleteRecord_002 -->
